<?xml version="1.0" encoding="UTF-8"?>
<!-- Generated by org.testng.reporters.JUnitReportReporter -->
<testsuite name="com.ComputerDB.Test.AddComputerTest" tests="2" time="15.862" ignored="0" failures="0" timestamp="12 Mar 2019 06:17:31 GMT" skipped="0" hostname="lap" errors="0">
  <testcase name="openBrowserEnterUrlAndVerifyAddedComputer" time="8.076" classname="com.ComputerDB.Test.AddComputerTest"/>
  <testcase name="openBrowserEnterUrlAndVerifyAddedComputer" time="7.786" classname="com.ComputerDB.Test.AddComputerTest"/>
</testsuite> <!-- com.ComputerDB.Test.AddComputerTest -->
