<?xml version="1.0" encoding="UTF-8"?>
<!-- Generated by org.testng.reporters.JUnitReportReporter -->
<testsuite name="com.ComputerDB.Test.EditComputerTest" tests="2" time="17.032" ignored="0" failures="0" timestamp="12 Mar 2019 06:17:31 GMT" skipped="0" hostname="lap" errors="0">
  <testcase name="openBrowserEnterUrlAndVerifyEditedComputer" time="8.299" classname="com.ComputerDB.Test.EditComputerTest"/>
  <testcase name="openBrowserEnterUrlAndVerifyEditedComputer" time="8.733" classname="com.ComputerDB.Test.EditComputerTest"/>
</testsuite> <!-- com.ComputerDB.Test.EditComputerTest -->
