<?xml version="1.0" encoding="UTF-8"?>
<!-- Generated by org.testng.reporters.JUnitReportReporter -->
<testsuite name="com.ComputerDB.Test.CancelEditComputerTest" tests="1" time="11.149" ignored="0" failures="0" timestamp="12 Mar 2019 06:17:31 GMT" skipped="0" hostname="lap" errors="0">
  <testcase name="openBrowserEnterUrlAndVerifyCancelEditComputer" time="11.149" classname="com.ComputerDB.Test.CancelEditComputerTest"/>
</testsuite> <!-- com.ComputerDB.Test.CancelEditComputerTest -->
